Arguments: 
  C:\Program Files\nodejs\node.exe C:\Users\simon\AppData\Roaming\npm\node_modules\yarn\bin\yarn.js

PATH: 
  C:\Program Files\Git\mingw64\bin;C:\Program Files\Git\usr\bin;C:\Users\simon\bin;C:\Windows\system32;C:\Windows;C:\Windows\System32\Wbem;C:\Windows\System32\WindowsPowerShell\v1.0;C:\Windows\System32\OpenSSH;C:\Program Files (x86)\NVIDIA Corporation\PhysX\Common;C:\Program Files\NVIDIA Corporation\NVIDIA NvDLISR;C:\Program Files\dotnet;C:\Program Files\Git\cmd;C:\Program Files\nodejs;C:\Program Files\TortoiseSVN\bin;C:\Users\simon\AppData\Local\Microsoft\WindowsApps;C:\Users\simon\AppData\Roaming\npm;C:\Program Files\JetBrains\WebStorm 2022.2\bin;G:\My Drive\4 Arbeit (selbstständig)\2022-10 - Simon Brandt Webseite\gatsby\node_modules\.bin

Yarn version: 
  1.22.19

Node version: 
  16.16.0

Platform: 
  win32 x64

Trace: 
  Error: EEXIST: file already exists, mkdir 'G:\My Drive\4 Arbeit (selbstständig)\2022-10 - Simon Brandt Webseite\gatsby\node_modules\@babel'

npm manifest: 
  {
    "name": "simon-brandt.com",
    "version": "1.0.0",
    "private": true,
    "description": "simon-brandt.com",
    "author": "simon",
    "keywords": [
      "gatsby"
    ],
    "scripts": {
      "develop": "gatsby develop",
      "start": "gatsby develop",
      "build": "gatsby build",
      "serve": "gatsby serve",
      "clean": "gatsby clean",
      "typecheck": "tsc --noEmit"
    },
    "dependencies": {
      "gatsby": "^4.24.5",
      "react": "^18.1.0",
      "react-dom": "^18.1.0"
    },
    "devDependencies": {
      "@types/node": "^17.0.45",
      "@types/react": "^18.0.21",
      "@types/react-dom": "^18.0.6",
      "typescript": "^4.8.3"
    }
  }

yarn manifest: 
  No manifest

Lockfile: 
  No lockfile
